<?xml version="1.0" encoding="UTF-8"?>
<testsuite xmlns:xsi="http://www.w3.org/2001/XMLSchema-instance" xsi:noNamespaceSchemaLocation="https://maven.apache.org/surefire/maven-surefire-plugin/xsd/surefire-test-report.xsd" name="com.nevernote.controllers.NotesControllerTest" time="4.646" tests="3" errors="0" skipped="0" failures="0">
  <properties>
    <property name="gopherProxySet" value="false"/>
    <property name="awt.toolkit" value="sun.lwawt.macosx.LWCToolkit"/>
    <property name="java.specification.version" value="10"/>
    <property name="file.encoding.pkg" value="sun.io"/>
    <property name="sun.cpu.isalist" value=""/>
    <property name="sun.jnu.encoding" value="UTF-8"/>
    <property name="java.class.path" value="/Users/viralsanghavi/Documents/Knime-Nevernote/target/test-classes:/Users/viralsanghavi/Documents/Knime-Nevernote/target/classes:/Users/viralsanghavi/.m2/repository/org/springframework/boot/spring-boot-starter/2.3.3.RELEASE/spring-boot-starter-2.3.3.RELEASE.jar:/Users/viralsanghavi/.m2/repository/org/springframework/boot/spring-boot/2.3.3.RELEASE/spring-boot-2.3.3.RELEASE.jar:/Users/viralsanghavi/.m2/repository/org/springframework/spring-context/5.2.8.RELEASE/spring-context-5.2.8.RELEASE.jar:/Users/viralsanghavi/.m2/repository/org/springframework/boot/spring-boot-autoconfigure/2.3.3.RELEASE/spring-boot-autoconfigure-2.3.3.RELEASE.jar:/Users/viralsanghavi/.m2/repository/org/springframework/boot/spring-boot-starter-logging/2.3.3.RELEASE/spring-boot-starter-logging-2.3.3.RELEASE.jar:/Users/viralsanghavi/.m2/repository/ch/qos/logback/logback-classic/1.2.3/logback-classic-1.2.3.jar:/Users/viralsanghavi/.m2/repository/ch/qos/logback/logback-core/1.2.3/logback-core-1.2.3.jar:/Users/viralsanghavi/.m2/repository/org/apache/logging/log4j/log4j-to-slf4j/2.13.3/log4j-to-slf4j-2.13.3.jar:/Users/viralsanghavi/.m2/repository/org/apache/logging/log4j/log4j-api/2.13.3/log4j-api-2.13.3.jar:/Users/viralsanghavi/.m2/repository/org/slf4j/jul-to-slf4j/1.7.30/jul-to-slf4j-1.7.30.jar:/Users/viralsanghavi/.m2/repository/jakarta/annotation/jakarta.annotation-api/1.3.5/jakarta.annotation-api-1.3.5.jar:/Users/viralsanghavi/.m2/repository/org/springframework/spring-core/5.2.8.RELEASE/spring-core-5.2.8.RELEASE.jar:/Users/viralsanghavi/.m2/repository/org/springframework/spring-jcl/5.2.8.RELEASE/spring-jcl-5.2.8.RELEASE.jar:/Users/viralsanghavi/.m2/repository/org/yaml/snakeyaml/1.26/snakeyaml-1.26.jar:/Users/viralsanghavi/.m2/repository/org/springframework/boot/spring-boot-starter-web/2.3.3.RELEASE/spring-boot-starter-web-2.3.3.RELEASE.jar:/Users/viralsanghavi/.m2/repository/org/springframework/boot/spring-boot-starter-json/2.3.3.RELEASE/spring-boot-starter-json-2.3.3.RELEASE.jar:/Users/viralsanghavi/.m2/repository/com/fasterxml/jackson/datatype/jackson-datatype-jdk8/2.11.2/jackson-datatype-jdk8-2.11.2.jar:/Users/viralsanghavi/.m2/repository/com/fasterxml/jackson/datatype/jackson-datatype-jsr310/2.11.2/jackson-datatype-jsr310-2.11.2.jar:/Users/viralsanghavi/.m2/repository/com/fasterxml/jackson/module/jackson-module-parameter-names/2.11.2/jackson-module-parameter-names-2.11.2.jar:/Users/viralsanghavi/.m2/repository/org/springframework/boot/spring-boot-starter-tomcat/2.3.3.RELEASE/spring-boot-starter-tomcat-2.3.3.RELEASE.jar:/Users/viralsanghavi/.m2/repository/org/apache/tomcat/embed/tomcat-embed-core/9.0.37/tomcat-embed-core-9.0.37.jar:/Users/viralsanghavi/.m2/repository/org/apache/tomcat/embed/tomcat-embed-websocket/9.0.37/tomcat-embed-websocket-9.0.37.jar:/Users/viralsanghavi/.m2/repository/org/springframework/spring-web/5.2.8.RELEASE/spring-web-5.2.8.RELEASE.jar:/Users/viralsanghavi/.m2/repository/org/springframework/spring-beans/5.2.8.RELEASE/spring-beans-5.2.8.RELEASE.jar:/Users/viralsanghavi/.m2/repository/org/springframework/spring-webmvc/5.2.8.RELEASE/spring-webmvc-5.2.8.RELEASE.jar:/Users/viralsanghavi/.m2/repository/org/springframework/spring-aop/5.2.8.RELEASE/spring-aop-5.2.8.RELEASE.jar:/Users/viralsanghavi/.m2/repository/org/springframework/spring-expression/5.2.8.RELEASE/spring-expression-5.2.8.RELEASE.jar:/Users/viralsanghavi/.m2/repository/org/springframework/boot/spring-boot-starter-data-redis/2.3.3.RELEASE/spring-boot-starter-data-redis-2.3.3.RELEASE.jar:/Users/viralsanghavi/.m2/repository/org/springframework/data/spring-data-redis/2.3.3.RELEASE/spring-data-redis-2.3.3.RELEASE.jar:/Users/viralsanghavi/.m2/repository/org/springframework/data/spring-data-keyvalue/2.3.3.RELEASE/spring-data-keyvalue-2.3.3.RELEASE.jar:/Users/viralsanghavi/.m2/repository/org/springframework/data/spring-data-commons/2.3.3.RELEASE/spring-data-commons-2.3.3.RELEASE.jar:/Users/viralsanghavi/.m2/repository/org/springframework/spring-tx/5.2.8.RELEASE/spring-tx-5.2.8.RELEASE.jar:/Users/viralsanghavi/.m2/repository/org/springframework/spring-oxm/5.2.8.RELEASE/spring-oxm-5.2.8.RELEASE.jar:/Users/viralsanghavi/.m2/repository/org/springframework/spring-context-support/5.2.8.RELEASE/spring-context-support-5.2.8.RELEASE.jar:/Users/viralsanghavi/.m2/repository/redis/clients/jedis/3.3.0/jedis-3.3.0.jar:/Users/viralsanghavi/.m2/repository/org/slf4j/slf4j-api/1.7.30/slf4j-api-1.7.30.jar:/Users/viralsanghavi/.m2/repository/org/apache/commons/commons-pool2/2.8.1/commons-pool2-2.8.1.jar:/Users/viralsanghavi/.m2/repository/com/github/kstyrc/embedded-redis/0.6/embedded-redis-0.6.jar:/Users/viralsanghavi/.m2/repository/com/google/guava/guava/18.0/guava-18.0.jar:/Users/viralsanghavi/.m2/repository/org/redisson/redisson/3.13.1/redisson-3.13.1.jar:/Users/viralsanghavi/.m2/repository/io/netty/netty-common/4.1.51.Final/netty-common-4.1.51.Final.jar:/Users/viralsanghavi/.m2/repository/io/netty/netty-codec/4.1.51.Final/netty-codec-4.1.51.Final.jar:/Users/viralsanghavi/.m2/repository/io/netty/netty-buffer/4.1.51.Final/netty-buffer-4.1.51.Final.jar:/Users/viralsanghavi/.m2/repository/io/netty/netty-transport/4.1.51.Final/netty-transport-4.1.51.Final.jar:/Users/viralsanghavi/.m2/repository/io/netty/netty-resolver/4.1.51.Final/netty-resolver-4.1.51.Final.jar:/Users/viralsanghavi/.m2/repository/io/netty/netty-resolver-dns/4.1.51.Final/netty-resolver-dns-4.1.51.Final.jar:/Users/viralsanghavi/.m2/repository/io/netty/netty-codec-dns/4.1.51.Final/netty-codec-dns-4.1.51.Final.jar:/Users/viralsanghavi/.m2/repository/io/netty/netty-handler/4.1.51.Final/netty-handler-4.1.51.Final.jar:/Users/viralsanghavi/.m2/repository/javax/cache/cache-api/1.1.1/cache-api-1.1.1.jar:/Users/viralsanghavi/.m2/repository/io/reactivex/rxjava2/rxjava/2.2.19/rxjava-2.2.19.jar:/Users/viralsanghavi/.m2/repository/org/jboss/marshalling/jboss-marshalling-river/2.0.9.Final/jboss-marshalling-river-2.0.9.Final.jar:/Users/viralsanghavi/.m2/repository/org/jboss/marshalling/jboss-marshalling/2.0.9.Final/jboss-marshalling-2.0.9.Final.jar:/Users/viralsanghavi/.m2/repository/com/fasterxml/jackson/dataformat/jackson-dataformat-yaml/2.11.2/jackson-dataformat-yaml-2.11.2.jar:/Users/viralsanghavi/.m2/repository/com/fasterxml/jackson/core/jackson-core/2.11.2/jackson-core-2.11.2.jar:/Users/viralsanghavi/.m2/repository/com/fasterxml/jackson/core/jackson-databind/2.11.2/jackson-databind-2.11.2.jar:/Users/viralsanghavi/.m2/repository/com/fasterxml/jackson/core/jackson-annotations/2.11.2/jackson-annotations-2.11.2.jar:/Users/viralsanghavi/.m2/repository/net/bytebuddy/byte-buddy/1.10.14/byte-buddy-1.10.14.jar:/Users/viralsanghavi/.m2/repository/org/jodd/jodd-bean/5.0.13/jodd-bean-5.0.13.jar:/Users/viralsanghavi/.m2/repository/org/jodd/jodd-core/5.0.13/jodd-core-5.0.13.jar:/Users/viralsanghavi/.m2/repository/io/lettuce/lettuce-core/6.0.0.RELEASE/lettuce-core-6.0.0.RELEASE.jar:/Users/viralsanghavi/.m2/repository/io/netty/netty-transport-native-epoll/4.1.50.Final/netty-transport-native-epoll-4.1.50.Final.jar:/Users/viralsanghavi/.m2/repository/io/netty/netty-transport-native-unix-common/4.1.51.Final/netty-transport-native-unix-common-4.1.51.Final.jar:/Users/viralsanghavi/.m2/repository/io/projectreactor/reactor-core/3.3.9.RELEASE/reactor-core-3.3.9.RELEASE.jar:/Users/viralsanghavi/.m2/repository/org/reactivestreams/reactive-streams/1.0.3/reactive-streams-1.0.3.jar:/Users/viralsanghavi/.m2/repository/org/projectlombok/lombok/1.18.16/lombok-1.18.16.jar:/Users/viralsanghavi/.m2/repository/commons-io/commons-io/2.8.0/commons-io-2.8.0.jar:/Users/viralsanghavi/.m2/repository/org/apache/commons/commons-collections4/4.4/commons-collections4-4.4.jar:/Users/viralsanghavi/.m2/repository/org/springframework/boot/spring-boot-starter-validation/2.3.3.RELEASE/spring-boot-starter-validation-2.3.3.RELEASE.jar:/Users/viralsanghavi/.m2/repository/org/glassfish/jakarta.el/3.0.3/jakarta.el-3.0.3.jar:/Users/viralsanghavi/.m2/repository/org/hibernate/validator/hibernate-validator/6.1.5.Final/hibernate-validator-6.1.5.Final.jar:/Users/viralsanghavi/.m2/repository/jakarta/validation/jakarta.validation-api/2.0.2/jakarta.validation-api-2.0.2.jar:/Users/viralsanghavi/.m2/repository/org/jboss/logging/jboss-logging/3.4.1.Final/jboss-logging-3.4.1.Final.jar:/Users/viralsanghavi/.m2/repository/io/springfox/springfox-boot-starter/3.0.0/springfox-boot-starter-3.0.0.jar:/Users/viralsanghavi/.m2/repository/io/springfox/springfox-oas/3.0.0/springfox-oas-3.0.0.jar:/Users/viralsanghavi/.m2/repository/io/swagger/core/v3/swagger-annotations/2.1.2/swagger-annotations-2.1.2.jar:/Users/viralsanghavi/.m2/repository/io/swagger/core/v3/swagger-models/2.1.2/swagger-models-2.1.2.jar:/Users/viralsanghavi/.m2/repository/io/springfox/springfox-spi/3.0.0/springfox-spi-3.0.0.jar:/Users/viralsanghavi/.m2/repository/io/springfox/springfox-schema/3.0.0/springfox-schema-3.0.0.jar:/Users/viralsanghavi/.m2/repository/io/springfox/springfox-core/3.0.0/springfox-core-3.0.0.jar:/Users/viralsanghavi/.m2/repository/io/springfox/springfox-spring-web/3.0.0/springfox-spring-web-3.0.0.jar:/Users/viralsanghavi/.m2/repository/io/github/classgraph/classgraph/4.8.83/classgraph-4.8.83.jar:/Users/viralsanghavi/.m2/repository/io/springfox/springfox-spring-webflux/3.0.0/springfox-spring-webflux-3.0.0.jar:/Users/viralsanghavi/.m2/repository/io/springfox/springfox-swagger-common/3.0.0/springfox-swagger-common-3.0.0.jar:/Users/viralsanghavi/.m2/repository/org/mapstruct/mapstruct/1.3.1.Final/mapstruct-1.3.1.Final.jar:/Users/viralsanghavi/.m2/repository/io/springfox/springfox-data-rest/3.0.0/springfox-data-rest-3.0.0.jar:/Users/viralsanghavi/.m2/repository/io/springfox/springfox-bean-validators/3.0.0/springfox-bean-validators-3.0.0.jar:/Users/viralsanghavi/.m2/repository/io/springfox/springfox-swagger2/3.0.0/springfox-swagger2-3.0.0.jar:/Users/viralsanghavi/.m2/repository/io/swagger/swagger-annotations/1.5.20/swagger-annotations-1.5.20.jar:/Users/viralsanghavi/.m2/repository/io/swagger/swagger-models/1.5.20/swagger-models-1.5.20.jar:/Users/viralsanghavi/.m2/repository/com/fasterxml/classmate/1.5.1/classmate-1.5.1.jar:/Users/viralsanghavi/.m2/repository/org/springframework/plugin/spring-plugin-core/2.0.0.RELEASE/spring-plugin-core-2.0.0.RELEASE.jar:/Users/viralsanghavi/.m2/repository/org/springframework/plugin/spring-plugin-metadata/2.0.0.RELEASE/spring-plugin-metadata-2.0.0.RELEASE.jar:/Users/viralsanghavi/.m2/repository/io/springfox/springfox-swagger-ui/3.0.0/springfox-swagger-ui-3.0.0.jar:/Users/viralsanghavi/.m2/repository/io/springfox/springfox-spring-webmvc/3.0.0/springfox-spring-webmvc-3.0.0.jar:/Users/viralsanghavi/.m2/repository/org/springframework/boot/spring-boot-starter-actuator/2.3.3.RELEASE/spring-boot-starter-actuator-2.3.3.RELEASE.jar:/Users/viralsanghavi/.m2/repository/org/springframework/boot/spring-boot-actuator-autoconfigure/2.3.3.RELEASE/spring-boot-actuator-autoconfigure-2.3.3.RELEASE.jar:/Users/viralsanghavi/.m2/repository/org/springframework/boot/spring-boot-actuator/2.3.3.RELEASE/spring-boot-actuator-2.3.3.RELEASE.jar:/Users/viralsanghavi/.m2/repository/io/micrometer/micrometer-core/1.5.4/micrometer-core-1.5.4.jar:/Users/viralsanghavi/.m2/repository/org/hdrhistogram/HdrHistogram/2.1.12/HdrHistogram-2.1.12.jar:/Users/viralsanghavi/.m2/repository/org/latencyutils/LatencyUtils/2.0.3/LatencyUtils-2.0.3.jar:/Users/viralsanghavi/.m2/repository/io/micrometer/micrometer-registry-prometheus/1.5.4/micrometer-registry-prometheus-1.5.4.jar:/Users/viralsanghavi/.m2/repository/io/prometheus/simpleclient_common/0.8.1/simpleclient_common-0.8.1.jar:/Users/viralsanghavi/.m2/repository/io/prometheus/simpleclient/0.8.1/simpleclient-0.8.1.jar:/Users/viralsanghavi/.m2/repository/junit/junit/4.13/junit-4.13.jar:/Users/viralsanghavi/.m2/repository/org/hamcrest/hamcrest-core/2.2/hamcrest-core-2.2.jar:/Users/viralsanghavi/.m2/repository/org/hamcrest/hamcrest/2.2/hamcrest-2.2.jar:/Users/viralsanghavi/.m2/repository/org/springframework/spring-test/5.2.8.RELEASE/spring-test-5.2.8.RELEASE.jar:/Users/viralsanghavi/.m2/repository/org/mockito/mockito-core/3.3.3/mockito-core-3.3.3.jar:/Users/viralsanghavi/.m2/repository/net/bytebuddy/byte-buddy-agent/1.10.14/byte-buddy-agent-1.10.14.jar:/Users/viralsanghavi/.m2/repository/org/objenesis/objenesis/2.6/objenesis-2.6.jar:"/>
    <property name="java.vm.vendor" value="&quot;Oracle Corporation&quot;"/>
    <property name="sun.arch.data.model" value="64"/>
    <property name="java.vendor.url" value="http://java.oracle.com/"/>
    <property name="user.timezone" value=""/>
    <property name="java.vm.specification.version" value="10"/>
    <property name="os.name" value="Mac OS X"/>
    <property name="sun.java.launcher" value="SUN_STANDARD"/>
    <property name="user.country" value="US"/>
    <property name="sun.boot.library.path" value="/Library/Java/JavaVirtualMachines/jdk-10.0.2.jdk/Contents/Home/lib"/>
    <property name="sun.java.command" value="/Users/viralsanghavi/Documents/Knime-Nevernote/target/surefire/surefirebooter14041991559350772156.jar /Users/viralsanghavi/Documents/Knime-Nevernote/target/surefire 2020-11-06T17-09-19_186-jvmRun1 surefire7240933957222223578tmp surefire_08712815037170405018tmp"/>
    <property name="http.nonProxyHosts" value="local|*.local|169.254/16|*.169.254/16"/>
    <property name="jdk.debug" value="release"/>
    <property name="surefire.test.class.path" value="/Users/viralsanghavi/Documents/Knime-Nevernote/target/test-classes:/Users/viralsanghavi/Documents/Knime-Nevernote/target/classes:/Users/viralsanghavi/.m2/repository/org/springframework/boot/spring-boot-starter/2.3.3.RELEASE/spring-boot-starter-2.3.3.RELEASE.jar:/Users/viralsanghavi/.m2/repository/org/springframework/boot/spring-boot/2.3.3.RELEASE/spring-boot-2.3.3.RELEASE.jar:/Users/viralsanghavi/.m2/repository/org/springframework/spring-context/5.2.8.RELEASE/spring-context-5.2.8.RELEASE.jar:/Users/viralsanghavi/.m2/repository/org/springframework/boot/spring-boot-autoconfigure/2.3.3.RELEASE/spring-boot-autoconfigure-2.3.3.RELEASE.jar:/Users/viralsanghavi/.m2/repository/org/springframework/boot/spring-boot-starter-logging/2.3.3.RELEASE/spring-boot-starter-logging-2.3.3.RELEASE.jar:/Users/viralsanghavi/.m2/repository/ch/qos/logback/logback-classic/1.2.3/logback-classic-1.2.3.jar:/Users/viralsanghavi/.m2/repository/ch/qos/logback/logback-core/1.2.3/logback-core-1.2.3.jar:/Users/viralsanghavi/.m2/repository/org/apache/logging/log4j/log4j-to-slf4j/2.13.3/log4j-to-slf4j-2.13.3.jar:/Users/viralsanghavi/.m2/repository/org/apache/logging/log4j/log4j-api/2.13.3/log4j-api-2.13.3.jar:/Users/viralsanghavi/.m2/repository/org/slf4j/jul-to-slf4j/1.7.30/jul-to-slf4j-1.7.30.jar:/Users/viralsanghavi/.m2/repository/jakarta/annotation/jakarta.annotation-api/1.3.5/jakarta.annotation-api-1.3.5.jar:/Users/viralsanghavi/.m2/repository/org/springframework/spring-core/5.2.8.RELEASE/spring-core-5.2.8.RELEASE.jar:/Users/viralsanghavi/.m2/repository/org/springframework/spring-jcl/5.2.8.RELEASE/spring-jcl-5.2.8.RELEASE.jar:/Users/viralsanghavi/.m2/repository/org/yaml/snakeyaml/1.26/snakeyaml-1.26.jar:/Users/viralsanghavi/.m2/repository/org/springframework/boot/spring-boot-starter-web/2.3.3.RELEASE/spring-boot-starter-web-2.3.3.RELEASE.jar:/Users/viralsanghavi/.m2/repository/org/springframework/boot/spring-boot-starter-json/2.3.3.RELEASE/spring-boot-starter-json-2.3.3.RELEASE.jar:/Users/viralsanghavi/.m2/repository/com/fasterxml/jackson/datatype/jackson-datatype-jdk8/2.11.2/jackson-datatype-jdk8-2.11.2.jar:/Users/viralsanghavi/.m2/repository/com/fasterxml/jackson/datatype/jackson-datatype-jsr310/2.11.2/jackson-datatype-jsr310-2.11.2.jar:/Users/viralsanghavi/.m2/repository/com/fasterxml/jackson/module/jackson-module-parameter-names/2.11.2/jackson-module-parameter-names-2.11.2.jar:/Users/viralsanghavi/.m2/repository/org/springframework/boot/spring-boot-starter-tomcat/2.3.3.RELEASE/spring-boot-starter-tomcat-2.3.3.RELEASE.jar:/Users/viralsanghavi/.m2/repository/org/apache/tomcat/embed/tomcat-embed-core/9.0.37/tomcat-embed-core-9.0.37.jar:/Users/viralsanghavi/.m2/repository/org/apache/tomcat/embed/tomcat-embed-websocket/9.0.37/tomcat-embed-websocket-9.0.37.jar:/Users/viralsanghavi/.m2/repository/org/springframework/spring-web/5.2.8.RELEASE/spring-web-5.2.8.RELEASE.jar:/Users/viralsanghavi/.m2/repository/org/springframework/spring-beans/5.2.8.RELEASE/spring-beans-5.2.8.RELEASE.jar:/Users/viralsanghavi/.m2/repository/org/springframework/spring-webmvc/5.2.8.RELEASE/spring-webmvc-5.2.8.RELEASE.jar:/Users/viralsanghavi/.m2/repository/org/springframework/spring-aop/5.2.8.RELEASE/spring-aop-5.2.8.RELEASE.jar:/Users/viralsanghavi/.m2/repository/org/springframework/spring-expression/5.2.8.RELEASE/spring-expression-5.2.8.RELEASE.jar:/Users/viralsanghavi/.m2/repository/org/springframework/boot/spring-boot-starter-data-redis/2.3.3.RELEASE/spring-boot-starter-data-redis-2.3.3.RELEASE.jar:/Users/viralsanghavi/.m2/repository/org/springframework/data/spring-data-redis/2.3.3.RELEASE/spring-data-redis-2.3.3.RELEASE.jar:/Users/viralsanghavi/.m2/repository/org/springframework/data/spring-data-keyvalue/2.3.3.RELEASE/spring-data-keyvalue-2.3.3.RELEASE.jar:/Users/viralsanghavi/.m2/repository/org/springframework/data/spring-data-commons/2.3.3.RELEASE/spring-data-commons-2.3.3.RELEASE.jar:/Users/viralsanghavi/.m2/repository/org/springframework/spring-tx/5.2.8.RELEASE/spring-tx-5.2.8.RELEASE.jar:/Users/viralsanghavi/.m2/repository/org/springframework/spring-oxm/5.2.8.RELEASE/spring-oxm-5.2.8.RELEASE.jar:/Users/viralsanghavi/.m2/repository/org/springframework/spring-context-support/5.2.8.RELEASE/spring-context-support-5.2.8.RELEASE.jar:/Users/viralsanghavi/.m2/repository/redis/clients/jedis/3.3.0/jedis-3.3.0.jar:/Users/viralsanghavi/.m2/repository/org/slf4j/slf4j-api/1.7.30/slf4j-api-1.7.30.jar:/Users/viralsanghavi/.m2/repository/org/apache/commons/commons-pool2/2.8.1/commons-pool2-2.8.1.jar:/Users/viralsanghavi/.m2/repository/com/github/kstyrc/embedded-redis/0.6/embedded-redis-0.6.jar:/Users/viralsanghavi/.m2/repository/com/google/guava/guava/18.0/guava-18.0.jar:/Users/viralsanghavi/.m2/repository/org/redisson/redisson/3.13.1/redisson-3.13.1.jar:/Users/viralsanghavi/.m2/repository/io/netty/netty-common/4.1.51.Final/netty-common-4.1.51.Final.jar:/Users/viralsanghavi/.m2/repository/io/netty/netty-codec/4.1.51.Final/netty-codec-4.1.51.Final.jar:/Users/viralsanghavi/.m2/repository/io/netty/netty-buffer/4.1.51.Final/netty-buffer-4.1.51.Final.jar:/Users/viralsanghavi/.m2/repository/io/netty/netty-transport/4.1.51.Final/netty-transport-4.1.51.Final.jar:/Users/viralsanghavi/.m2/repository/io/netty/netty-resolver/4.1.51.Final/netty-resolver-4.1.51.Final.jar:/Users/viralsanghavi/.m2/repository/io/netty/netty-resolver-dns/4.1.51.Final/netty-resolver-dns-4.1.51.Final.jar:/Users/viralsanghavi/.m2/repository/io/netty/netty-codec-dns/4.1.51.Final/netty-codec-dns-4.1.51.Final.jar:/Users/viralsanghavi/.m2/repository/io/netty/netty-handler/4.1.51.Final/netty-handler-4.1.51.Final.jar:/Users/viralsanghavi/.m2/repository/javax/cache/cache-api/1.1.1/cache-api-1.1.1.jar:/Users/viralsanghavi/.m2/repository/io/reactivex/rxjava2/rxjava/2.2.19/rxjava-2.2.19.jar:/Users/viralsanghavi/.m2/repository/org/jboss/marshalling/jboss-marshalling-river/2.0.9.Final/jboss-marshalling-river-2.0.9.Final.jar:/Users/viralsanghavi/.m2/repository/org/jboss/marshalling/jboss-marshalling/2.0.9.Final/jboss-marshalling-2.0.9.Final.jar:/Users/viralsanghavi/.m2/repository/com/fasterxml/jackson/dataformat/jackson-dataformat-yaml/2.11.2/jackson-dataformat-yaml-2.11.2.jar:/Users/viralsanghavi/.m2/repository/com/fasterxml/jackson/core/jackson-core/2.11.2/jackson-core-2.11.2.jar:/Users/viralsanghavi/.m2/repository/com/fasterxml/jackson/core/jackson-databind/2.11.2/jackson-databind-2.11.2.jar:/Users/viralsanghavi/.m2/repository/com/fasterxml/jackson/core/jackson-annotations/2.11.2/jackson-annotations-2.11.2.jar:/Users/viralsanghavi/.m2/repository/net/bytebuddy/byte-buddy/1.10.14/byte-buddy-1.10.14.jar:/Users/viralsanghavi/.m2/repository/org/jodd/jodd-bean/5.0.13/jodd-bean-5.0.13.jar:/Users/viralsanghavi/.m2/repository/org/jodd/jodd-core/5.0.13/jodd-core-5.0.13.jar:/Users/viralsanghavi/.m2/repository/io/lettuce/lettuce-core/6.0.0.RELEASE/lettuce-core-6.0.0.RELEASE.jar:/Users/viralsanghavi/.m2/repository/io/netty/netty-transport-native-epoll/4.1.50.Final/netty-transport-native-epoll-4.1.50.Final.jar:/Users/viralsanghavi/.m2/repository/io/netty/netty-transport-native-unix-common/4.1.51.Final/netty-transport-native-unix-common-4.1.51.Final.jar:/Users/viralsanghavi/.m2/repository/io/projectreactor/reactor-core/3.3.9.RELEASE/reactor-core-3.3.9.RELEASE.jar:/Users/viralsanghavi/.m2/repository/org/reactivestreams/reactive-streams/1.0.3/reactive-streams-1.0.3.jar:/Users/viralsanghavi/.m2/repository/org/projectlombok/lombok/1.18.16/lombok-1.18.16.jar:/Users/viralsanghavi/.m2/repository/commons-io/commons-io/2.8.0/commons-io-2.8.0.jar:/Users/viralsanghavi/.m2/repository/org/apache/commons/commons-collections4/4.4/commons-collections4-4.4.jar:/Users/viralsanghavi/.m2/repository/org/springframework/boot/spring-boot-starter-validation/2.3.3.RELEASE/spring-boot-starter-validation-2.3.3.RELEASE.jar:/Users/viralsanghavi/.m2/repository/org/glassfish/jakarta.el/3.0.3/jakarta.el-3.0.3.jar:/Users/viralsanghavi/.m2/repository/org/hibernate/validator/hibernate-validator/6.1.5.Final/hibernate-validator-6.1.5.Final.jar:/Users/viralsanghavi/.m2/repository/jakarta/validation/jakarta.validation-api/2.0.2/jakarta.validation-api-2.0.2.jar:/Users/viralsanghavi/.m2/repository/org/jboss/logging/jboss-logging/3.4.1.Final/jboss-logging-3.4.1.Final.jar:/Users/viralsanghavi/.m2/repository/io/springfox/springfox-boot-starter/3.0.0/springfox-boot-starter-3.0.0.jar:/Users/viralsanghavi/.m2/repository/io/springfox/springfox-oas/3.0.0/springfox-oas-3.0.0.jar:/Users/viralsanghavi/.m2/repository/io/swagger/core/v3/swagger-annotations/2.1.2/swagger-annotations-2.1.2.jar:/Users/viralsanghavi/.m2/repository/io/swagger/core/v3/swagger-models/2.1.2/swagger-models-2.1.2.jar:/Users/viralsanghavi/.m2/repository/io/springfox/springfox-spi/3.0.0/springfox-spi-3.0.0.jar:/Users/viralsanghavi/.m2/repository/io/springfox/springfox-schema/3.0.0/springfox-schema-3.0.0.jar:/Users/viralsanghavi/.m2/repository/io/springfox/springfox-core/3.0.0/springfox-core-3.0.0.jar:/Users/viralsanghavi/.m2/repository/io/springfox/springfox-spring-web/3.0.0/springfox-spring-web-3.0.0.jar:/Users/viralsanghavi/.m2/repository/io/github/classgraph/classgraph/4.8.83/classgraph-4.8.83.jar:/Users/viralsanghavi/.m2/repository/io/springfox/springfox-spring-webflux/3.0.0/springfox-spring-webflux-3.0.0.jar:/Users/viralsanghavi/.m2/repository/io/springfox/springfox-swagger-common/3.0.0/springfox-swagger-common-3.0.0.jar:/Users/viralsanghavi/.m2/repository/org/mapstruct/mapstruct/1.3.1.Final/mapstruct-1.3.1.Final.jar:/Users/viralsanghavi/.m2/repository/io/springfox/springfox-data-rest/3.0.0/springfox-data-rest-3.0.0.jar:/Users/viralsanghavi/.m2/repository/io/springfox/springfox-bean-validators/3.0.0/springfox-bean-validators-3.0.0.jar:/Users/viralsanghavi/.m2/repository/io/springfox/springfox-swagger2/3.0.0/springfox-swagger2-3.0.0.jar:/Users/viralsanghavi/.m2/repository/io/swagger/swagger-annotations/1.5.20/swagger-annotations-1.5.20.jar:/Users/viralsanghavi/.m2/repository/io/swagger/swagger-models/1.5.20/swagger-models-1.5.20.jar:/Users/viralsanghavi/.m2/repository/com/fasterxml/classmate/1.5.1/classmate-1.5.1.jar:/Users/viralsanghavi/.m2/repository/org/springframework/plugin/spring-plugin-core/2.0.0.RELEASE/spring-plugin-core-2.0.0.RELEASE.jar:/Users/viralsanghavi/.m2/repository/org/springframework/plugin/spring-plugin-metadata/2.0.0.RELEASE/spring-plugin-metadata-2.0.0.RELEASE.jar:/Users/viralsanghavi/.m2/repository/io/springfox/springfox-swagger-ui/3.0.0/springfox-swagger-ui-3.0.0.jar:/Users/viralsanghavi/.m2/repository/io/springfox/springfox-spring-webmvc/3.0.0/springfox-spring-webmvc-3.0.0.jar:/Users/viralsanghavi/.m2/repository/org/springframework/boot/spring-boot-starter-actuator/2.3.3.RELEASE/spring-boot-starter-actuator-2.3.3.RELEASE.jar:/Users/viralsanghavi/.m2/repository/org/springframework/boot/spring-boot-actuator-autoconfigure/2.3.3.RELEASE/spring-boot-actuator-autoconfigure-2.3.3.RELEASE.jar:/Users/viralsanghavi/.m2/repository/org/springframework/boot/spring-boot-actuator/2.3.3.RELEASE/spring-boot-actuator-2.3.3.RELEASE.jar:/Users/viralsanghavi/.m2/repository/io/micrometer/micrometer-core/1.5.4/micrometer-core-1.5.4.jar:/Users/viralsanghavi/.m2/repository/org/hdrhistogram/HdrHistogram/2.1.12/HdrHistogram-2.1.12.jar:/Users/viralsanghavi/.m2/repository/org/latencyutils/LatencyUtils/2.0.3/LatencyUtils-2.0.3.jar:/Users/viralsanghavi/.m2/repository/io/micrometer/micrometer-registry-prometheus/1.5.4/micrometer-registry-prometheus-1.5.4.jar:/Users/viralsanghavi/.m2/repository/io/prometheus/simpleclient_common/0.8.1/simpleclient_common-0.8.1.jar:/Users/viralsanghavi/.m2/repository/io/prometheus/simpleclient/0.8.1/simpleclient-0.8.1.jar:/Users/viralsanghavi/.m2/repository/junit/junit/4.13/junit-4.13.jar:/Users/viralsanghavi/.m2/repository/org/hamcrest/hamcrest-core/2.2/hamcrest-core-2.2.jar:/Users/viralsanghavi/.m2/repository/org/hamcrest/hamcrest/2.2/hamcrest-2.2.jar:/Users/viralsanghavi/.m2/repository/org/springframework/spring-test/5.2.8.RELEASE/spring-test-5.2.8.RELEASE.jar:/Users/viralsanghavi/.m2/repository/org/mockito/mockito-core/3.3.3/mockito-core-3.3.3.jar:/Users/viralsanghavi/.m2/repository/net/bytebuddy/byte-buddy-agent/1.10.14/byte-buddy-agent-1.10.14.jar:/Users/viralsanghavi/.m2/repository/org/objenesis/objenesis/2.6/objenesis-2.6.jar:"/>
    <property name="sun.cpu.endian" value="little"/>
    <property name="user.home" value="/Users/viralsanghavi"/>
    <property name="user.language" value="en"/>
    <property name="java.specification.vendor" value="Oracle Corporation"/>
    <property name="java.version.date" value="2018-07-17"/>
    <property name="java.home" value="/Library/Java/JavaVirtualMachines/jdk-10.0.2.jdk/Contents/Home"/>
    <property name="file.separator" value="/"/>
    <property name="basedir" value="/Users/viralsanghavi/Documents/Knime-Nevernote"/>
    <property name="java.vm.compressedOopsMode" value="Zero based"/>
    <property name="line.separator" value="&#10;"/>
    <property name="java.specification.name" value="Java Platform API Specification"/>
    <property name="java.vm.specification.vendor" value="Oracle Corporation"/>
    <property name="java.awt.graphicsenv" value="sun.awt.CGraphicsEnvironment"/>
    <property name="surefire.real.class.path" value="/Users/viralsanghavi/Documents/Knime-Nevernote/target/surefire/surefirebooter14041991559350772156.jar"/>
    <property name="sun.management.compiler" value="HotSpot 64-Bit Tiered Compilers"/>
    <property name="ftp.nonProxyHosts" value="local|*.local|169.254/16|*.169.254/16"/>
    <property name="java.runtime.version" value="10.0.2+13"/>
    <property name="user.name" value="viralsanghavi"/>
    <property name="path.separator" value=":"/>
    <property name="os.version" value="10.13.6"/>
    <property name="java.runtime.name" value="Java(TM) SE Runtime Environment"/>
    <property name="file.encoding" value="UTF-8"/>
    <property name="java.vm.name" value="Java HotSpot(TM) 64-Bit Server VM"/>
    <property name="java.vendor.version" value="18.3"/>
    <property name="localRepository" value="/Users/viralsanghavi/.m2/repository"/>
    <property name="java.vendor.url.bug" value="http://bugreport.java.com/bugreport/"/>
    <property name="java.io.tmpdir" value="/var/folders/w4/9_jk5z6928l0jdvxy4443dpc0000gn/T/"/>
    <property name="idea.version" value="2020.2.3"/>
    <property name="java.version" value="10.0.2"/>
    <property name="user.dir" value="/Users/viralsanghavi/Documents/Knime-Nevernote"/>
    <property name="os.arch" value="x86_64"/>
    <property name="java.vm.specification.name" value="Java Virtual Machine Specification"/>
    <property name="java.awt.printerjob" value="sun.lwawt.macosx.CPrinterJob"/>
    <property name="sun.os.patch.level" value="unknown"/>
    <property name="java.library.path" value="/Users/viralsanghavi/Library/Java/Extensions:/Library/Java/Extensions:/Network/Library/Java/Extensions:/System/Library/Java/Extensions:/usr/lib/java:."/>
    <property name="java.vendor" value="Oracle Corporation"/>
    <property name="java.vm.info" value="mixed mode"/>
    <property name="java.vm.version" value="10.0.2+13"/>
    <property name="sun.io.unicode.encoding" value="UnicodeBig"/>
    <property name="java.class.version" value="54.0"/>
    <property name="socksNonProxyHosts" value="local|*.local|169.254/16|*.169.254/16"/>
  </properties>
  <testcase name="getNoteSuccessTest" classname="com.nevernote.controllers.NotesControllerTest" time="4.021"/>
  <testcase name="newNoteSuccessTest" classname="com.nevernote.controllers.NotesControllerTest" time="0.009"/>
  <testcase name="updateNoteSuccessTest" classname="com.nevernote.controllers.NotesControllerTest" time="0.006"/>
</testsuite>